0 info it worked if it ends with ok
1 verbose cli [ 'node', '/usr/local/bin/npm', 'start' ]
2 info using npm@1.1.62
3 info using node@v0.8.11
4 verbose read json /Users/Kinnovate/Desktop/tcpnode/package.json
5 verbose run-script [ 'prestart', 'start', 'poststart' ]
6 info prestart my_actionHero_project@0.0.1
7 info start my_actionHero_project@0.0.1
8 verbose unsafe-perm in lifecycle true
9 silly exec sh "-c" "node ./node_modules/.bin/actionHero start"
10 silly sh,-c,node ./node_modules/.bin/actionHero start,/Users/Kinnovate/Desktop/tcpnode spawning
11 info my_actionHero_project@0.0.1 Failed to exec start script
12 error my_actionHero_project@0.0.1 start: `node ./node_modules/.bin/actionHero start`
12 error `sh "-c" "node ./node_modules/.bin/actionHero start"` failed with 1
13 error Failed at the my_actionHero_project@0.0.1 start script.
13 error This is most likely a problem with the my_actionHero_project package,
13 error not with npm itself.
13 error Tell the author that this fails on your system:
13 error     node ./node_modules/.bin/actionHero start
13 error You can get their info via:
13 error     npm owner ls my_actionHero_project
13 error There is likely additional logging output above.
14 error System Darwin 12.2.0
15 error command "node" "/usr/local/bin/npm" "start"
16 error cwd /Users/Kinnovate/Desktop/tcpnode
17 error node -v v0.8.11
18 error npm -v 1.1.62
19 error code ELIFECYCLE
20 verbose exit [ 1, true ]
